# JRE version: OpenJDK Runtime Environment (11.0.11+9) (build 11.0.11+9-b60-7590822)
# Java VM: OpenJDK 64-Bit Server VM (11.0.11+9-b60-7590822, mixed mode, tiered, compressed oops, g1 gc, windows-amd64)
Heap:
 garbage-first heap   total 258048K, used 119220K [0x0000000080000000, 0x0000000100000000)
  region size 1024K, 70 young (71680K), 4 survivors (4096K)
 Metaspace       used 64946K, capacity 66518K, committed 66636K, reserved 1107968K
  class space    used 8224K, capacity 8768K, committed 8832K, reserved 1048576K
GC Heap History (14 events):
Event: 1.406 GC heap before
{Heap before GC invocations=0 (full 0):
 garbage-first heap   total 258048K, used 29696K [0x0000000080000000, 0x0000000100000000)
  region size 1024K, 24 young (24576K), 0 survivors (0K)
 Metaspace       used 9868K, capacity 10114K, committed 10368K, reserved 1058816K
  class space    used 1029K, capacity 1102K, committed 1152K, reserved 1048576K
}
Event: 1.411 GC heap after
{Heap after GC invocations=1 (full 0):
 garbage-first heap   total 258048K, used 9330K [0x0000000080000000, 0x0000000100000000)
  region size 1024K, 3 young (3072K), 3 survivors (3072K)
 Metaspace       used 9868K, capacity 10114K, committed 10368K, reserved 1058816K
  class space    used 1029K, capacity 1102K, committed 1152K, reserved 1048576K
}
Event: 3.358 GC heap before
{Heap before GC invocations=1 (full 0):
 garbage-first heap   total 258048K, used 107634K [0x0000000080000000, 0x0000000100000000)
  region size 1024K, 100 young (102400K), 3 survivors (3072K)
 Metaspace       used 20683K, capacity 21075K, committed 21248K, reserved 1067008K
  class space    used 2540K, capacity 2693K, committed 2816K, reserved 1048576K
}
Event: 3.368 GC heap after
{Heap after GC invocations=2 (full 0):
 garbage-first heap   total 258048K, used 16936K [0x0000000080000000, 0x0000000100000000)
  region size 1024K, 11 young (11264K), 11 survivors (11264K)
 Metaspace       used 20683K, capacity 21075K, committed 21248K, reserved 1067008K
  class space    used 2540K, capacity 2693K, committed 2816K, reserved 1048576K
}
Event: 3.783 GC heap before
{Heap before GC invocations=3 (full 0):
 garbage-first heap   total 258048K, used 52776K [0x0000000080000000, 0x0000000100000000)
  region size 1024K, 47 young (48128K), 11 survivors (11264K)
 Metaspace       used 24200K, capacity 24765K, committed 24960K, reserved 1071104K
  class space    used 3106K, capacity 3332K, committed 3456K, reserved 1048576K
}
Event: 3.790 GC heap after
{Heap after GC invocations=4 (full 0):
 garbage-first heap   total 258048K, used 18603K [0x0000000080000000, 0x0000000100000000)
  region size 1024K, 2 young (2048K), 2 survivors (2048K)
 Metaspace       used 24200K, capacity 24765K, committed 24960K, reserved 1071104K
  class space    used 3106K, capacity 3332K, committed 3456K, reserved 1048576K
}
Event: 5.097 GC heap before
{Heap before GC invocations=4 (full 0):
 garbage-first heap   total 258048K, used 94379K [0x0000000080000000, 0x0000000100000000)
  region size 1024K, 77 young (78848K), 2 survivors (2048K)
 Metaspace       used 35035K, capacity 35772K, committed 35840K, reserved 1081344K
  class space    used 4550K, capacity 4859K, committed 4864K, reserved 1048576K
}
Event: 5.106 GC heap after
{Heap after GC invocations=5 (full 0):
 garbage-first heap   total 258048K, used 22497K [0x0000000080000000, 0x0000000100000000)
  region size 1024K, 6 young (6144K), 6 survivors (6144K)
 Metaspace       used 35035K, capacity 35772K, committed 35840K, reserved 1081344K
  class space    used 4550K, capacity 4859K, committed 4864K, reserved 1048576K
}
Event: 6.603 GC heap before
{Heap before GC invocations=6 (full 0):
 garbage-first heap   total 258048K, used 135137K [0x0000000080000000, 0x0000000100000000)
  region size 1024K, 113 young (115712K), 6 survivors (6144K)
 Metaspace       used 44012K, capacity 45054K, committed 45184K, reserved 1089536K
  class space    used 5606K, capacity 5957K, committed 6016K, reserved 1048576K
}
Event: 6.645 GC heap after
{Heap after GC invocations=7 (full 0):
 garbage-first heap   total 258048K, used 29525K [0x0000000080000000, 0x0000000100000000)
  region size 1024K, 13 young (13312K), 13 survivors (13312K)
 Metaspace       used 44012K, capacity 45054K, committed 45184K, reserved 1089536K
  class space    used 5606K, capacity 5957K, committed 6016K, reserved 1048576K
}
Event: 8.881 GC heap before
{Heap before GC invocations=7 (full 0):
 garbage-first heap   total 258048K, used 163669K [0x0000000080000000, 0x0000000100000000)
  region size 1024K, 136 young (139264K), 13 survivors (13312K)
 Metaspace       used 50828K, capacity 52153K, committed 52352K, reserved 1095680K
  class space    used 6456K, capacity 6919K, committed 7040K, reserved 1048576K
}
Event: 8.896 GC heap after
{Heap after GC invocations=8 (full 0):
 garbage-first heap   total 258048K, used 49127K [0x0000000080000000, 0x0000000100000000)
  region size 1024K, 17 young (17408K), 17 survivors (17408K)
 Metaspace       used 50828K, capacity 52153K, committed 52352K, reserved 1095680K
  class space    used 6456K, capacity 6919K, committed 7040K, reserved 1048576K
}
Event: 9.637 GC heap before
{Heap before GC invocations=8 (full 0):
 garbage-first heap   total 258048K, used 100327K [0x0000000080000000, 0x0000000100000000)
  region size 1024K, 68 young (69632K), 17 survivors (17408K)
 Metaspace       used 58456K, capacity 59953K, committed 60160K, reserved 1101824K
  class space    used 7410K, capacity 7915K, committed 7936K, reserved 1048576K
}
Event: 9.667 GC heap after
{Heap after GC invocations=9 (full 0):
 garbage-first heap   total 258048K, used 52660K [0x0000000080000000, 0x0000000100000000)
  region size 1024K, 4 young (4096K), 4 survivors (4096K)
 Metaspace       used 58456K, capacity 59953K, committed 60160K, reserved 1101824K
  class space    used 7410K, capacity 7915K, committed 7936K, reserved 1048576K
}

